ForumCatalog.ru
changelog

version 2.1
2011.12.03
+ все константы перенесены в отдельный файл config.php

2011.11.26
+ исправлены ошибки валидации html-кода

2011.10.09
+ добавлен шаблонизатор smarty, html код отделен от php
+ корректный вывод списка категорий на главной странице (после последнего пункта ставится точка, а не запятая, как раньше)

version 2.0
2011.10.02
+ код переписан с учетом ООП

2011.02.26
+ добавлен поиск по каталогу с использованием Яндекс.XML

2010.12.19
+ добавлен раздел "рейтинг", где выводятся 50 форумов с наивысшим рейтингом

2010.08.04
+ добавлены bb-коды

2010.07.13
+ сделан редизайн, бело-зеленый стиль (Sentro IT)

2010.06.05
+ добавлен рейтинг форумов, теперь за форумы можно голосовать

2010.03.02
+ добавлен раздел "непринятые", где выводится последние 20 непринятых форумов с указанием причины

2010.02.18
+ добавлена rss лента

2010.02.16
+ добавлена диаграмма распределения форумов по годам запуска в раздел "статистика"

2010.01.20
+ добавлен пункт "интеграция с cms" в форму добавления форумов

2010.01.16
+ расширен список форумных движков

2010.01.14
+ запуск проекта